This is pdfTeX, Version 3.1415926-2.5-1.40.14 (TeX Live 2013) (format=pdflatex 2013.5.30)  20 MAY 2014 19:46
entering extended mode
 restricted \write18 enabled.
 file:line:error style messages enabled.
 %&-line parsing enabled.
**report.tex
(./report.tex
LaTeX2e <2011/06/27>
Babel <3.9f> and hyphenation patterns for 78 languages loaded.
(/usr/local/texlive/2013/texmf-dist/tex/latex/base/article.cls
Document Class: article 2007/10/19 v1.4h Standard LaTeX document class
(/usr/local/texlive/2013/texmf-dist/tex/latex/base/size10.clo
File: size10.clo 2007/10/19 v1.4h Standard LaTeX file (size option)
)
\c@part=\count79
\c@section=\count80
\c@subsection=\count81
\c@subsubsection=\count82
\c@paragraph=\count83
\c@subparagraph=\count84
\c@figure=\count85
\c@table=\count86
\abovecaptionskip=\skip41
\belowcaptionskip=\skip42
\bibindent=\dimen102
)
(/usr/local/texlive/2013/texmf-dist/tex/latex/psnfss/mathpazo.sty
Package: mathpazo 2005/04/12 PSNFSS-v9.2a Palatino w/ Pazo Math (D.Puga, WaS) 
\symupright=\mathgroup4
)
(/usr/local/texlive/2013/texmf-dist/tex/latex/microtype/microtype.sty
Package: microtype 2013/05/23 v2.5a Micro-typographical refinements (RS)

(/usr/local/texlive/2013/texmf-dist/tex/latex/graphics/keyval.sty
Package: keyval 1999/03/16 v1.13 key=value parser (DPC)
\KV@toks@=\toks14
)
\MT@toks=\toks15
\MT@count=\count87
LaTeX Info: Redefining \textls on input line 766.
\MT@outer@kern=\dimen103
LaTeX Info: Redefining \textmicrotypecontext on input line 1285.
\MT@listname@count=\count88

(/usr/local/texlive/2013/texmf-dist/tex/latex/microtype/microtype-pdftex.def
File: microtype-pdftex.def 2013/05/23 v2.5a Definitions specific to pdftex (RS)

LaTeX Info: Redefining \lsstyle on input line 915.
LaTeX Info: Redefining \lslig on input line 915.
\MT@outer@space=\skip43
)
Package microtype Info: Loading configuration file microtype.cfg.

(/usr/local/texlive/2013/texmf-dist/tex/latex/microtype/microtype.cfg
File: microtype.cfg 2013/05/23 v2.5a microtype main configuration file (RS)
))
(/usr/local/texlive/2013/texmf-dist/tex/latex/hyperref/hyperref.sty
Package: hyperref 2012/11/06 v6.83m Hypertext links for LaTeX

(/usr/local/texlive/2013/texmf-dist/tex/generic/oberdiek/hobsub-hyperref.sty
Package: hobsub-hyperref 2012/05/28 v1.13 Bundle oberdiek, subset hyperref (HO)


(/usr/local/texlive/2013/texmf-dist/tex/generic/oberdiek/hobsub-generic.sty
Package: hobsub-generic 2012/05/28 v1.13 Bundle oberdiek, subset generic (HO)
Package: hobsub 2012/05/28 v1.13 Construct package bundles (HO)
Package: infwarerr 2010/04/08 v1.3 Providing info/warning/error messages (HO)
Package: ltxcmds 2011/11/09 v1.22 LaTeX kernel commands for general use (HO)
Package: ifluatex 2010/03/01 v1.3 Provides the ifluatex switch (HO)
Package ifluatex Info: LuaTeX not detected.
Package: ifvtex 2010/03/01 v1.5 Detect VTeX and its facilities (HO)
Package ifvtex Info: VTeX not detected.
Package: intcalc 2007/09/27 v1.1 Expandable calculations with integers (HO)
Package: ifpdf 2011/01/30 v2.3 Provides the ifpdf switch (HO)
Package ifpdf Info: pdfTeX in PDF mode is detected.
Package: etexcmds 2011/02/16 v1.5 Avoid name clashes with e-TeX commands (HO)
Package etexcmds Info: Could not find \expanded.
(etexcmds)             That can mean that you are not using pdfTeX 1.50 or
(etexcmds)             that some package has redefined \expanded.
(etexcmds)             In the latter case, load this package earlier.
Package: kvsetkeys 2012/04/25 v1.16 Key value parser (HO)
Package: kvdefinekeys 2011/04/07 v1.3 Define keys (HO)
Package: pdftexcmds 2011/11/29 v0.20 Utility functions of pdfTeX for LuaTeX (HO
)
Package pdftexcmds Info: LuaTeX not detected.
Package pdftexcmds Info: \pdf@primitive is available.
Package pdftexcmds Info: \pdf@ifprimitive is available.
Package pdftexcmds Info: \pdfdraftmode found.
Package: pdfescape 2011/11/25 v1.13 Implements pdfTeX's escape features (HO)
Package: bigintcalc 2012/04/08 v1.3 Expandable calculations on big integers (HO
)
Package: bitset 2011/01/30 v1.1 Handle bit-vector datatype (HO)
Package: uniquecounter 2011/01/30 v1.2 Provide unlimited unique counter (HO)
)
Package hobsub Info: Skipping package `hobsub' (already loaded).
Package: letltxmacro 2010/09/02 v1.4 Let assignment for LaTeX macros (HO)
Package: hopatch 2012/05/28 v1.2 Wrapper for package hooks (HO)
Package: xcolor-patch 2011/01/30 xcolor patch
Package: atveryend 2011/06/30 v1.8 Hooks at the very end of document (HO)
Package atveryend Info: \enddocument detected (standard20110627).
Package: atbegshi 2011/10/05 v1.16 At begin shipout hook (HO)
Package: refcount 2011/10/16 v3.4 Data extraction from label references (HO)
Package: hycolor 2011/01/30 v1.7 Color options for hyperref/bookmark (HO)
)
(/usr/local/texlive/2013/texmf-dist/tex/generic/ifxetex/ifxetex.sty
Package: ifxetex 2010/09/12 v0.6 Provides ifxetex conditional
)
(/usr/local/texlive/2013/texmf-dist/tex/latex/oberdiek/auxhook.sty
Package: auxhook 2011/03/04 v1.3 Hooks for auxiliary files (HO)
)
(/usr/local/texlive/2013/texmf-dist/tex/latex/oberdiek/kvoptions.sty
Package: kvoptions 2011/06/30 v3.11 Key value format for package options (HO)
)
\@linkdim=\dimen104
\Hy@linkcounter=\count89
\Hy@pagecounter=\count90

(/usr/local/texlive/2013/texmf-dist/tex/latex/hyperref/pd1enc.def
File: pd1enc.def 2012/11/06 v6.83m Hyperref: PDFDocEncoding definition (HO)
)
\Hy@SavedSpaceFactor=\count91

(/usr/local/texlive/2013/texmf-dist/tex/latex/latexconfig/hyperref.cfg
File: hyperref.cfg 2002/06/06 v1.2 hyperref configuration of TeXLive
)
Package hyperref Info: Hyper figures OFF on input line 4443.
Package hyperref Info: Link nesting OFF on input line 4448.
Package hyperref Info: Hyper index ON on input line 4451.
Package hyperref Info: Plain pages OFF on input line 4458.
Package hyperref Info: Backreferencing OFF on input line 4463.
Package hyperref Info: Implicit mode ON; LaTeX internals redefined.
Package hyperref Info: Bookmarks ON on input line 4688.
\c@Hy@tempcnt=\count92

(/usr/local/texlive/2013/texmf-dist/tex/latex/url/url.sty
\Urlmuskip=\muskip10
Package: url 2006/04/12  ver 3.3  Verb mode for urls, etc.
)
LaTeX Info: Redefining \url on input line 5041.
\XeTeXLinkMargin=\dimen105
\Fld@menulength=\count93
\Field@Width=\dimen106
\Fld@charsize=\dimen107
Package hyperref Info: Hyper figures OFF on input line 6295.
Package hyperref Info: Link nesting OFF on input line 6300.
Package hyperref Info: Hyper index ON on input line 6303.
Package hyperref Info: backreferencing OFF on input line 6310.
Package hyperref Info: Link coloring OFF on input line 6315.
Package hyperref Info: Link coloring with OCG OFF on input line 6320.
Package hyperref Info: PDF/A mode OFF on input line 6325.
LaTeX Info: Redefining \ref on input line 6365.
LaTeX Info: Redefining \pageref on input line 6369.
\Hy@abspage=\count94
\c@Item=\count95
\c@Hfootnote=\count96
)

Package hyperref Message: Driver (autodetected): hpdftex.

(/usr/local/texlive/2013/texmf-dist/tex/latex/hyperref/hpdftex.def
File: hpdftex.def 2012/11/06 v6.83m Hyperref driver for pdfTeX
\Fld@listcount=\count97
\c@bookmark@seq@number=\count98

(/usr/local/texlive/2013/texmf-dist/tex/latex/oberdiek/rerunfilecheck.sty
Package: rerunfilecheck 2011/04/15 v1.7 Rerun checks for auxiliary files (HO)
Package uniquecounter Info: New unique counter `rerunfilecheck' on input line 2
82.
)
\Hy@SectionHShift=\skip44
)
(/usr/local/texlive/2013/texmf-dist/tex/latex/graphics/graphicx.sty
Package: graphicx 1999/02/16 v1.0f Enhanced LaTeX Graphics (DPC,SPQR)

(/usr/local/texlive/2013/texmf-dist/tex/latex/graphics/graphics.sty
Package: graphics 2009/02/05 v1.0o Standard LaTeX Graphics (DPC,SPQR)

(/usr/local/texlive/2013/texmf-dist/tex/latex/graphics/trig.sty
Package: trig 1999/03/16 v1.09 sin cos tan (DPC)
)
(/usr/local/texlive/2013/texmf-dist/tex/latex/latexconfig/graphics.cfg
File: graphics.cfg 2010/04/23 v1.9 graphics configuration of TeX Live
)
Package graphics Info: Driver file: pdftex.def on input line 91.

(/usr/local/texlive/2013/texmf-dist/tex/latex/pdftex-def/pdftex.def
File: pdftex.def 2011/05/27 v0.06d Graphics/color for pdfTeX
\Gread@gobject=\count99
))
\Gin@req@height=\dimen108
\Gin@req@width=\dimen109
)
(/usr/local/texlive/2013/texmf-dist/tex/latex/float/float.sty
Package: float 2001/11/08 v1.3d Float enhancements (AL)
\c@float@type=\count100
\float@exts=\toks16
\float@box=\box26
\@float@everytoks=\toks17
\@floatcapt=\box27
)
No file report.aux.
\openout1 = `report.aux'.

LaTeX Font Info:    Checking defaults for OML/cmm/m/it on input line 18.
LaTeX Font Info:    ... okay on input line 18.
LaTeX Font Info:    Checking defaults for T1/cmr/m/n on input line 18.
LaTeX Font Info:    ... okay on input line 18.
LaTeX Font Info:    Checking defaults for OT1/cmr/m/n on input line 18.
LaTeX Font Info:    ... okay on input line 18.
LaTeX Font Info:    Checking defaults for OMS/cmsy/m/n on input line 18.
LaTeX Font Info:    ... okay on input line 18.
LaTeX Font Info:    Checking defaults for OMX/cmex/m/n on input line 18.
LaTeX Font Info:    ... okay on input line 18.
LaTeX Font Info:    Checking defaults for U/cmr/m/n on input line 18.
LaTeX Font Info:    ... okay on input line 18.
LaTeX Font Info:    Checking defaults for PD1/pdf/m/n on input line 18.
LaTeX Font Info:    ... okay on input line 18.
LaTeX Font Info:    Try loading font information for OT1+ppl on input line 18.
(/usr/local/texlive/2013/texmf-dist/tex/latex/psnfss/ot1ppl.fd
File: ot1ppl.fd 2001/06/04 font definitions for OT1/ppl.
)
\big@size=\dimen110
LaTeX Info: Redefining \microtypecontext on input line 18.
Package microtype Info: Generating PDF output.
Package microtype Info: Character protrusion enabled (level 2).
Package microtype Info: Using default protrusion set `alltext'.
Package microtype Info: Automatic font expansion enabled (level 2),
(microtype)             stretch: 20, shrink: 20, step: 1, non-selected.
Package microtype Info: Using default expansion set `basictext'.
Package microtype Info: No adjustment of tracking.
Package microtype Info: No adjustment of interword spacing.
Package microtype Info: No adjustment of character kerning.

(/usr/local/texlive/2013/texmf-dist/tex/latex/microtype/mt-ppl.cfg
File: mt-ppl.cfg 2005/11/16 v1.6 microtype config. file: Palatino (RS)
)
\AtBeginShipoutBox=\box28
Package hyperref Info: Link coloring OFF on input line 18.

(/usr/local/texlive/2013/texmf-dist/tex/latex/hyperref/nameref.sty
Package: nameref 2012/10/27 v2.43 Cross-referencing by name of section

(/usr/local/texlive/2013/texmf-dist/tex/generic/oberdiek/gettitlestring.sty
Package: gettitlestring 2010/12/03 v1.4 Cleanup title references (HO)
)
\c@section@level=\count101
)
LaTeX Info: Redefining \ref on input line 18.
LaTeX Info: Redefining \pageref on input line 18.
LaTeX Info: Redefining \nameref on input line 18.

(./report.out) (./report.out)
\@outlinefile=\write3
\openout3 = `report.out'.


(/usr/local/texlive/2013/texmf-dist/tex/context/base/supp-pdf.mkii
[Loading MPS to PDF converter (version 2006.09.02).]
\scratchcounter=\count102
\scratchdimen=\dimen111
\scratchbox=\box29
\nofMPsegments=\count103
\nofMParguments=\count104
\everyMPshowfont=\toks18
\MPscratchCnt=\count105
\MPscratchDim=\dimen112
\MPnumerator=\count106
\makeMPintoPDFobject=\count107
\everyMPtoPDFconversion=\toks19
) (/usr/local/texlive/2013/texmf-dist/tex/latex/oberdiek/epstopdf-base.sty
Package: epstopdf-base 2010/02/09 v2.5 Base part for package epstopdf

(/usr/local/texlive/2013/texmf-dist/tex/latex/oberdiek/grfext.sty
Package: grfext 2010/08/19 v1.1 Manage graphics extensions (HO)
)
Package grfext Info: Graphics extension search list:
(grfext)             [.png,.pdf,.jpg,.mps,.jpeg,.jbig2,.jb2,.PNG,.PDF,.JPG,.JPE
G,.JBIG2,.JB2,.eps]
(grfext)             \AppendGraphicsExtensions on input line 452.

(/usr/local/texlive/2013/texmf-dist/tex/latex/latexconfig/epstopdf-sys.cfg
File: epstopdf-sys.cfg 2010/07/13 v1.3 Configuration of (r)epstopdf for TeX Liv
e
))
LaTeX Font Info:    Try loading font information for OML+zplm on input line 47.


(/usr/local/texlive/2013/texmf-dist/tex/latex/psnfss/omlzplm.fd
File: omlzplm.fd 2002/09/08 Fontinst v1.914 font definitions for OML/zplm.
)
LaTeX Font Info:    Try loading font information for OMS+zplm on input line 47.


(/usr/local/texlive/2013/texmf-dist/tex/latex/psnfss/omszplm.fd
File: omszplm.fd 2002/09/08 Fontinst v1.914 font definitions for OMS/zplm.
)
LaTeX Font Info:    Try loading font information for OMX+zplm on input line 47.


(/usr/local/texlive/2013/texmf-dist/tex/latex/psnfss/omxzplm.fd
File: omxzplm.fd 2002/09/08 Fontinst v1.914 font definitions for OMX/zplm.
)
LaTeX Font Info:    Try loading font information for OT1+zplm on input line 47.


(/usr/local/texlive/2013/texmf-dist/tex/latex/psnfss/ot1zplm.fd
File: ot1zplm.fd 2002/09/08 Fontinst v1.914 font definitions for OT1/zplm.
)
Package microtype Info: Loading generic settings for font family
(microtype)             `zplm' (encoding: OT1).
(microtype)             For optimal results, create family-specific settings.
(microtype)             See the microtype manual for details.
LaTeX Font Info:    Font shape `OT1/ppl/bx/n' in size <17.28> not available
(Font)              Font shape `OT1/ppl/b/n' tried instead on input line 47.

Overfull \hbox (5.93251pt too wide) in paragraph at lines 47--47
 [] 
 []

LaTeX Font Info:    Font shape `OT1/ppl/bx/n' in size <12> not available
(Font)              Font shape `OT1/ppl/b/n' tried instead on input line 47.
LaTeX Font Info:    Font shape `OT1/ppl/bx/n' in size <14.4> not available
(Font)              Font shape `OT1/ppl/b/n' tried instead on input line 48.
LaTeX Font Info:    Font shape `OT1/ppl/bx/n' in size <10> not available
(Font)              Font shape `OT1/ppl/b/n' tried instead on input line 56.

LaTeX Warning: Citation `Krieger2000' on page 1 undefined on input line 56.


LaTeX Warning: Citation `Parker1998' on page 1 undefined on input line 69.


LaTeX Warning: Citation `Parker1995' on page 1 undefined on input line 69.


LaTeX Warning: Citation `Gerkey2002c' on page 1 undefined on input line 71.


LaTeX Warning: Citation `Davis1983' on page 1 undefined on input line 71.


LaTeX Warning: Citation `Dahl2003' on page 1 undefined on input line 73.


LaTeX Warning: Citation `Gerkey2004' on page 1 undefined on input line 75.

[1{/usr/local/texlive/2013/texmf-var/fonts/map/pdftex/updmap/pdftex.map}


]

LaTeX Warning: Citation `Campbell2010' on page 2 undefined on input line 77.


LaTeX Warning: Citation `Brusey2001' on page 2 undefined on input line 99.


LaTeX Warning: Citation `Luke2003' on page 2 undefined on input line 110.


LaTeX Warning: Citation `Gerkey2004' on page 2 undefined on input line 110.


LaTeX Warning: Citation `Campbell2010' on page 2 undefined on input line 110.


LaTeX Warning: Citation `Gerkey2003' on page 2 undefined on input line 110.

[2] <images/greedy/greedy2and10.png, id=87, 796.9775pt x 531.9875pt>
File: images/greedy/greedy2and10.png Graphic file (type png)

<use images/greedy/greedy2and10.png>
Package pdftex.def Info: images/greedy/greedy2and10.png used on input line 127.

(pdftex.def)             Requested size: 227.62204pt x 151.93459pt.

<images/qlearning/qlearning2and10.png, id=88, 799.98875pt x 534.99875pt>
File: images/qlearning/qlearning2and10.png Graphic file (type png)

<use images/qlearning/qlearning2and10.png>
Package pdftex.def Info: images/qlearning/qlearning2and10.png used on input lin
e 132.
(pdftex.def)             Requested size: 227.62204pt x 152.22316pt.

<images/dd/dd2and10.png, id=89, 963.6pt x 643.40375pt>
File: images/dd/dd2and10.png Graphic file (type png)

<use images/dd/dd2and10.png>
Package pdftex.def Info: images/dd/dd2and10.png used on input line 137.
(pdftex.def)             Requested size: 227.62204pt x 151.9853pt.

<images/greedy/greedy8and30.png, id=90, 797.98125pt x 533.995pt>
File: images/greedy/greedy8and30.png Graphic file (type png)

<use images/greedy/greedy8and30.png>
Package pdftex.def Info: images/greedy/greedy8and30.png used on input line 146.

(pdftex.def)             Requested size: 227.62204pt x 152.32053pt.

<images/qlearning/qlearning8and30.png, id=91, 799.98875pt x 529.98pt>
File: images/qlearning/qlearning8and30.png Graphic file (type png)

<use images/qlearning/qlearning8and30.png>
Package pdftex.def Info: images/qlearning/qlearning8and30.png used on input lin
e 151.
(pdftex.def)             Requested size: 227.62204pt x 150.79517pt.

<images/dd/dd8and30.png, id=92, 795.97375pt x 532.99126pt>
File: images/dd/dd8and30.png Graphic file (type png)

<use images/dd/dd8and30.png>
Package pdftex.def Info: images/dd/dd8and30.png used on input line 156.
(pdftex.def)             Requested size: 227.62204pt x 152.41644pt.

Underfull \vbox (badness 3019) has occurred while \output is active []

 [3pdfTeX warning (ext4): destination with the same identifier (name{figure.1})
 has been already used, duplicate ignored

\AtBegShi@Output ...ipout \box \AtBeginShipoutBox 
                                                  \fi \fi 
l.158 \end{figure}
                  pdfTeX warning (ext4): destination with the same identifier (
name{figure.2}) has been already used, duplicate ignored

\AtBegShi@Output ...ipout \box \AtBeginShipoutBox 
                                                  \fi \fi 
l.158 \end{figure}
                  pdfTeX warning (ext4): destination with the same identifier (
name{figure.3}) has been already used, duplicate ignored

\AtBegShi@Output ...ipout \box \AtBeginShipoutBox 
                                                  \fi \fi 
l.158 \end{figure}
                  pdfTeX warning (ext4): destination with the same identifier (
name{figure.4}) has been already used, duplicate ignored

\AtBegShi@Output ...ipout \box \AtBeginShipoutBox 
                                                  \fi \fi 
l.158 \end{figure}
                   <./images/greedy/greedy2and10.png> <./images/qlearning/qlear
ning2and10.png> <./images/dd/dd2and10.png> <./images/greedy/greedy8and30.png>]
<images/qlearning/qlearning8and300.png, id=101, 800.9925pt x 527.9725pt>
File: images/qlearning/qlearning8and300.png Graphic file (type png)

<use images/qlearning/qlearning8and300.png>
Package pdftex.def Info: images/qlearning/qlearning8and300.png used on input li
ne 165.
(pdftex.def)             Requested size: 227.62204pt x 150.03062pt.

<images/dd/dd8and300.png, id=102, 799.98875pt x 530.98375pt>
File: images/dd/dd8and300.png Graphic file (type png)

<use images/dd/dd8and300.png>
Package pdftex.def Info: images/dd/dd8and300.png used on input line 170.
(pdftex.def)             Requested size: 227.62204pt x 151.08076pt.


LaTeX Warning: Citation `Campbell2010' on page 4 undefined on input line 176.

<images/specialConfig.png, id=103, 605.26125pt x 409.53pt>
File: images/specialConfig.png Graphic file (type png)

<use images/specialConfig.png>
Package pdftex.def Info: images/specialConfig.png used on input line 178.
(pdftex.def)             Requested size: 227.62204pt x 154.01079pt.

<images/greedy/specialgreedy2and10.png, id=104, 961.5925pt x 637.38126pt>
File: images/greedy/specialgreedy2and10.png Graphic file (type png)

<use images/greedy/specialgreedy2and10.png>
Package pdftex.def Info: images/greedy/specialgreedy2and10.png used on input li
ne 183.
(pdftex.def)             Requested size: 227.62204pt x 150.87389pt.

<images/qlearning/specialqlearning2and10.png, id=105, 800.9925pt x 533.995pt>
File: images/qlearning/specialqlearning2and10.png Graphic file (type png)

<use images/qlearning/specialqlearning2and10.png>
Package pdftex.def Info: images/qlearning/specialqlearning2and10.png used on in
put line 188.
(pdftex.def)             Requested size: 227.62204pt x 151.742pt.

Underfull \vbox (badness 10000) has occurred while \output is active []

 [4pdfTeX warning (ext4): destination with the same identifier (name{figure.5})
 has been already used, duplicate ignored

\AtBegShi@Output ...ipout \box \AtBeginShipoutBox 
                                                  \fi \fi 
l.190 \end{figure}
                  pdfTeX warning (ext4): destination with the same identifier (
name{figure.6}) has been already used, duplicate ignored

\AtBegShi@Output ...ipout \box \AtBeginShipoutBox 
                                                  \fi \fi 
l.190 \end{figure}
                  pdfTeX warning (ext4): destination with the same identifier (
name{figure.7}) has been already used, duplicate ignored

\AtBegShi@Output ...ipout \box \AtBeginShipoutBox 
                                                  \fi \fi 
l.190 \end{figure}
                  pdfTeX warning (ext4): destination with the same identifier (
name{figure.8}) has been already used, duplicate ignored

\AtBegShi@Output ...ipout \box \AtBeginShipoutBox 
                                                  \fi \fi 
l.190 \end{figure}
                  pdfTeX warning (ext4): destination with the same identifier (
name{figure.9}) has been already used, duplicate ignored

\AtBegShi@Output ...ipout \box \AtBeginShipoutBox 
                                                  \fi \fi 
l.190 \end{figure}
                   <./images/qlearning/qlearning8and30.png> <./images/dd/dd8and
30.png> <./images/qlearning/qlearning8and300.png> <./images/dd/dd8and300.png> <
./images/specialConfig.png>]
<images/dd/specialdd2and10.png, id=115, 798.985pt x 530.98375pt>
File: images/dd/specialdd2and10.png Graphic file (type png)

<use images/dd/specialdd2and10.png>
Package pdftex.def Info: images/dd/specialdd2and10.png used on input line 193.
(pdftex.def)             Requested size: 227.62204pt x 151.26712pt.
Package microtype Info: Loading generic settings for font family
(microtype)             `cmtt' (encoding: OT1).
(microtype)             For optimal results, create family-specific settings.
(microtype)             See the microtype manual for details.

No file report.bbl.
Package atveryend Info: Empty hook `BeforeClearDocument' on input line 216.
[5pdfTeX warning (ext4): destination with the same identifier (name{figure.10})
 has been already used, duplicate ignored

\AtBegShi@Output ...ipout \box \AtBeginShipoutBox 
                                                  \fi \fi 
l.216 \end{document}
                    pdfTeX warning (ext4): destination with the same identifier
 (name{figure.11}) has been already used, duplicate ignored

\AtBegShi@Output ...ipout \box \AtBeginShipoutBox 
                                                  \fi \fi 
l.216 \end{document}
                    pdfTeX warning (ext4): destination with the same identifier
 (name{figure.12}) has been already used, duplicate ignored

\AtBegShi@Output ...ipout \box \AtBeginShipoutBox 
                                                  \fi \fi 
l.216 \end{document}
                     <./images/greedy/specialgreedy2and10.png> <./images/qlearn
ing/specialqlearning2and10.png> <./images/dd/specialdd2and10.png>]
Package atveryend Info: Empty hook `AfterLastShipout' on input line 216.

(./report.aux)
Package atveryend Info: Executing hook `AtVeryEndDocument' on input line 216.
Package atveryend Info: Executing hook `AtEndAfterFileList' on input line 216.
Package rerunfilecheck Info: File `report.out' has not changed.
(rerunfilecheck)             Checksum: E24634183D3D7F358D6A8F1ABF9D363C;939.


LaTeX Warning: There were undefined references.

Package atveryend Info: Empty hook `AtVeryVeryEnd' on input line 216.
 ) 
Here is how much of TeX's memory you used:
 6985 strings out of 493315
 107980 string characters out of 6137904
 219003 words of memory out of 5000000
 10192 multiletter control sequences out of 15000+600000
 35186 words of font info for 160 fonts, out of 8000000 for 9000
 957 hyphenation exceptions out of 8191
 32i,13n,35p,881b,403s stack positions out of 5000i,500n,10000p,200000b,80000s
{/usr/local/texlive/2013/texmf-dist/fonts/enc/dvips/base/8r.enc}</usr/local/t
exlive/2013/texmf-dist/fonts/type1/public/amsfonts/cm/cmsy10.pfb></usr/local/te
xlive/2013/texmf-dist/fonts/type1/public/amsfonts/cm/cmtt10.pfb></usr/local/tex
live/2013/texmf-dist/fonts/type1/urw/palatino/uplb8a.pfb></usr/local/texlive/20
13/texmf-dist/fonts/type1/urw/palatino/uplr8a.pfb></usr/local/texlive/2013/texm
f-dist/fonts/type1/urw/palatino/uplri8a.pfb>
Output written on report.pdf (5 pages, 1080832 bytes).
PDF statistics:
 156 PDF objects out of 1000 (max. 8388607)
 130 compressed objects within 2 object streams
 40 named destinations out of 1000 (max. 500000)
 26301 words of extra memory for PDF output out of 29859 (max. 10000000)

